<?xml version="1.0" encoding="UTF-8"?>
<!-- Generated by org.testng.reporters.JUnitXMLReporter -->
<testsuite ignored="0" hostname="DESKTOP-5ML1NP2" failures="1" tests="6" name="Default test" time="117.232" errors="0" timestamp="2024-03-04T12:53:33 IST">
  <testcase classname="io.cucumber.testng.AbstractTestNGCucumberTests" name="runScenario" time="21.313"/>
  <testcase classname="io.cucumber.testng.AbstractTestNGCucumberTests" name="runScenario" time="12.073"/>
  <testcase classname="io.cucumber.testng.AbstractTestNGCucumberTests" name="runScenario" time="14.979"/>
  <testcase classname="io.cucumber.testng.AbstractTestNGCucumberTests" name="runScenario" time="14.677"/>
  <testcase classname="io.cucumber.testng.AbstractTestNGCucumberTests" name="runScenario" time="24.271">
    <failure type="java.lang.AssertionError" message="expected [null] but found [No Records Found]">
      <![CDATA[java.lang.AssertionError: expected [null] but found [No Records Found]
at org.testng.Assert.fail(Assert.java:110)
at org.testng.Assert.failNotEquals(Assert.java:1413)
at org.testng.Assert.assertEqualsImpl(Assert.java:149)
at org.testng.Assert.assertEquals(Assert.java:131)
at org.testng.Assert.assertEquals(Assert.java:655)
at org.testng.Assert.assertEquals(Assert.java:665)
at pageObjects.PerformancePage.AssertionforSc1(PerformancePage.java:58)
at stepDefinitions.PerformanceStepDef.all_the_records_available_till_now_will_be_displayed(PerformanceStepDef.java:72)
at âœ½.all the records available till now will be displayed(file:///C:/Users/dhrushil.panchal/Downloads/BDD_Framework-master/./features/performance.feature:28)
]]>
    </failure>
  </testcase> <!-- runScenario -->
  <testcase classname="io.cucumber.testng.AbstractTestNGCucumberTests" name="runScenario" time="28.606"/>
</testsuite> <!-- Default test -->
