<?xml version="1.0" encoding="UTF-8"?>
<!-- Generated by org.testng.reporters.JUnitReportReporter -->
<testsuite hostname="DESKTOP-5ML1NP2" failures="1" tests="6" name="testRunner.TestngTestRunner" time="115.919" errors="0" timestamp="2024-03-04T12:53:33 IST" skipped="0">
  <testcase classname="testRunner.TestngTestRunner" name="runScenario" time="21.313"/>
  <system-out/>
  <testcase classname="testRunner.TestngTestRunner" name="runScenario" time="28.606"/>
  <system-out/>
  <testcase classname="testRunner.TestngTestRunner" name="runScenario" time="14.979"/>
  <system-out/>
  <testcase classname="testRunner.TestngTestRunner" name="runScenario" time="14.677"/>
  <system-out/>
  <testcase classname="testRunner.TestngTestRunner" name="runScenario" time="24.271">
    <failure message="expected [null] but found [No Records Found]" type="java.lang.AssertionError">
      <![CDATA[java.lang.AssertionError: expected [null] but found [No Records Found]
at org.testng.Assert.fail(Assert.java:110)
at org.testng.Assert.failNotEquals(Assert.java:1413)
at org.testng.Assert.assertEqualsImpl(Assert.java:149)
at org.testng.Assert.assertEquals(Assert.java:131)
at org.testng.Assert.assertEquals(Assert.java:655)
at org.testng.Assert.assertEquals(Assert.java:665)
at pageObjects.PerformancePage.AssertionforSc1(PerformancePage.java:58)
at stepDefinitions.PerformanceStepDef.all_the_records_available_till_now_will_be_displayed(PerformanceStepDef.java:72)
at âœ½.all the records available till now will be displayed(file:///C:/Users/dhrushil.panchal/Downloads/BDD_Framework-master/./features/performance.feature:28)
]]>
    </failure>
  </testcase> <!-- runScenario -->
  <system-out/>
  <testcase classname="testRunner.TestngTestRunner" name="runScenario" time="12.073"/>
  <system-out/>
</testsuite> <!-- testRunner.TestngTestRunner -->
